15:13:28.889 [main] INFO  util.LoggerUtil - testGetFactsContentTypeVerify başladı...
15:13:32.814 [main] INFO  util.LoggerUtil - Response: {
    "current_page": 1,
    "data": [
        {
            "fact": "Cats have 3 eyelids.",
            "length": 20
        },
        {
            "fact": "Cats walk on their toes.",
            "length": 24
        },
        {
            "fact": "Most cats adore sardines.",
            "length": 25
        },
        {
            "fact": "Cats dislike citrus scent.",
            "length": 26
        },
        {
            "fact": "Cats have supersonic hearing",
            "length": 28
        },
        {
            "fact": "Female cats are polyestrous",
            "length": 28
        },
        {
            "fact": "A form of AIDS exists in cats.",
            "length": 30
        }
    ],
    "first_page_url": "https://catfact.ninja/facts?page=1",
    "from": 1,
    "last_page": 5,
    "last_page_url": "https://catfact.ninja/facts?page=5",
    "links": [
        {
            "url": null,
            "label": "Previous",
            "active": false
        },
        {
            "url": "https://catfact.ninja/facts?page=1",
            "label": "1",
            "active": true
        },
        {
            "url": "https://catfact.ninja/facts?page=2",
            "label": "2",
            "active": false
        },
        {
            "url": "https://catfact.ninja/facts?page=3",
            "label": "3",
            "active": false
        },
        {
            "url": "https://catfact.ninja/facts?page=4",
            "label": "4",
            "active": false
        },
        {
            "url": "https://catfact.ninja/facts?page=5",
            "label": "5",
            "active": false
        },
        {
            "url": "https://catfact.ninja/facts?page=2",
            "label": "Next",
            "active": false
        }
    ],
    "next_page_url": "https://catfact.ninja/facts?page=2",
    "path": "https://catfact.ninja/facts",
    "per_page": "7",
    "prev_page_url": null,
    "to": 7,
    "total": 33
}
15:13:32.814 [main] INFO  util.LoggerUtil - testGetFactsContentTypeVerify bitti...
